2025-04-24 00:03:26.196 [pool-1-thread-1] INFO  c.connectfour.server.ClientHandler - Client hy requested disconnect: User closed application
2025-04-24 00:03:26.205 [pool-1-thread-1] ERROR c.connectfour.server.ClientHandler - Error sending message to client: hy
java.net.SocketException: Broken pipe
	at java.base/sun.nio.ch.SocketDispatcher.write0(Native Method)
	at java.base/sun.nio.ch.SocketDispatcher.write(SocketDispatcher.java:62)
	at java.base/sun.nio.ch.NioSocketImpl.tryWrite(NioSocketImpl.java:394)
	at java.base/sun.nio.ch.NioSocketImpl.implWrite(NioSocketImpl.java:410)
	at java.base/sun.nio.ch.NioSocketImpl.write(NioSocketImpl.java:440)
	at java.base/sun.nio.ch.NioSocketImpl$2.write(NioSocketImpl.java:819)
	at java.base/java.net.Socket$SocketOutputStream.implWrite(Socket.java:1231)
	at java.base/java.net.Socket$SocketOutputStream.write(Socket.java:1218)
	at java.base/java.io.ObjectOutputStream$BlockDataOutputStream.drain(ObjectOutputStream.java:1900)
	at java.base/java.io.ObjectOutputStream$BlockDataOutputStream.setBlockDataMode(ObjectOutputStream.java:1809)
	at java.base/java.io.ObjectOutputStream.writeNonProxyDesc(ObjectOutputStream.java:1303)
	at java.base/java.io.ObjectOutputStream.writeClassDesc(ObjectOutputStream.java:1248)
	at java.base/java.io.ObjectOutputStream.writeOrdinaryObject(ObjectOutputStream.java:1444)
	at java.base/java.io.ObjectOutputStream.writeObject0(ObjectOutputStream.java:1195)
	at java.base/java.io.ObjectOutputStream.writeFatalException(ObjectOutputStream.java:1616)
	at java.base/java.io.ObjectOutputStream.writeObject(ObjectOutputStream.java:362)
	at com.connectfour.server.ClientHandler.sendMessage(ClientHandler.java:246)
	at com.connectfour.server.ClientHandler.disconnect(ClientHandler.java:264)
	at com.connectfour.server.ClientHandler.handleDisconnect(ClientHandler.java:192)
	at com.connectfour.server.ClientHandler.handleMessage(ClientHandler.java:98)
	at com.connectfour.server.ClientHandler.run(ClientHandler.java:52)
	at java.base/java.util.concurrent.ThreadPoolExecutor.runWorker(ThreadPoolExecutor.java:1144)
	at java.base/java.util.concurrent.ThreadPoolExecutor$Worker.run(ThreadPoolExecutor.java:642)
	at java.base/java.lang.Thread.run(Thread.java:1575)
2025-04-24 00:03:26.207 [pool-1-thread-1] INFO  c.connectfour.server.ClientHandler - Client disconnected: hy
2025-04-24 00:03:26.207 [pool-1-thread-1] INFO  com.connectfour.server.GameServer - User unregistered: hy
2025-04-24 00:03:26.207 [pool-1-thread-1] DEBUG c.c.server.MatchmakingQueue - Removed client from matchmaking queue: hy
2025-04-24 00:03:26.207 [pool-1-thread-1] INFO  com.connectfour.server.GameServer - User removed from matchmaking queue: hy
2025-04-24 00:03:26.207 [pool-1-thread-1] INFO  c.connectfour.server.ClientHandler - Client disconnected: hy
2025-04-24 00:03:26.207 [pool-1-thread-1] INFO  com.connectfour.server.GameServer - User unregistered: hy
2025-04-24 00:03:26.209 [pool-1-thread-1] ERROR c.connectfour.server.ClientHandler - Error cleaning up client handler
java.net.SocketException: Socket closed
	at java.base/sun.nio.ch.NioSocketImpl.ensureOpenAndConnected(NioSocketImpl.java:163)
	at java.base/sun.nio.ch.NioSocketImpl.beginWrite(NioSocketImpl.java:362)
	at java.base/sun.nio.ch.NioSocketImpl.implWrite(NioSocketImpl.java:407)
	at java.base/sun.nio.ch.NioSocketImpl.write(NioSocketImpl.java:440)
	at java.base/sun.nio.ch.NioSocketImpl$2.write(NioSocketImpl.java:819)
	at java.base/java.net.Socket$SocketOutputStream.implWrite(Socket.java:1231)
	at java.base/java.net.Socket$SocketOutputStream.write(Socket.java:1218)
	at java.base/java.io.ObjectOutputStream$BlockDataOutputStream.drain(ObjectOutputStream.java:1900)
	at java.base/java.io.ObjectOutputStream$BlockDataOutputStream.flush(ObjectOutputStream.java:1845)
	at java.base/java.io.ObjectOutputStream.flush(ObjectOutputStream.java:737)
	at java.base/java.io.ObjectOutputStream.close(ObjectOutputStream.java:759)
	at com.connectfour.server.ClientHandler.cleanup(ClientHandler.java:228)
	at com.connectfour.server.ClientHandler.run(ClientHandler.java:68)
	at java.base/java.util.concurrent.ThreadPoolExecutor.runWorker(ThreadPoolExecutor.java:1144)
	at java.base/java.util.concurrent.ThreadPoolExecutor$Worker.run(ThreadPoolExecutor.java:642)
	at java.base/java.lang.Thread.run(Thread.java:1575)
2025-04-24 11:07:18.879 [main] INFO  com.connectfour.server.ServerApp - Starting Connect Four server on port 8080
2025-04-24 11:07:18.885 [main] ERROR com.connectfour.server.GameServer - Error starting server on port 8080
java.net.BindException: Address already in use
	at java.base/sun.nio.ch.Net.bind0(Native Method)
	at java.base/sun.nio.ch.Net.bind(Net.java:565)
	at java.base/sun.nio.ch.Net.bind(Net.java:554)
	at java.base/sun.nio.ch.NioSocketImpl.bind(NioSocketImpl.java:636)
	at java.base/java.net.ServerSocket.bind(ServerSocket.java:389)
	at java.base/java.net.ServerSocket.<init>(ServerSocket.java:276)
	at java.base/java.net.ServerSocket.<init>(ServerSocket.java:170)
	at com.connectfour.server.GameServer.start(GameServer.java:49)
	at com.connectfour.server.ServerApp.main(ServerApp.java:29)
2025-04-24 11:07:18.886 [Thread-0] INFO  com.connectfour.server.ServerApp - Shutting down server...
2025-04-24 11:07:18.886 [Thread-0] INFO  com.connectfour.server.GameServer - Server stopped
2025-04-24 11:08:58.323 [main] INFO  com.connectfour.server.GameServer - New client connected: /127.0.0.1
2025-04-24 11:08:58.338 [pool-1-thread-2] INFO  com.connectfour.server.GameServer - User registered: gg
2025-04-24 11:08:58.339 [pool-1-thread-2] DEBUG c.connectfour.server.ClientHandler - Sent message to gg: LOGIN_RESPONSE
2025-04-24 11:08:58.339 [pool-1-thread-2] INFO  c.connectfour.server.ClientHandler - User logged in: gg
2025-04-24 11:08:58.339 [pool-1-thread-2] DEBUG c.c.server.MatchmakingQueue - Added client to matchmaking queue: gg
2025-04-24 11:08:58.339 [pool-1-thread-2] INFO  com.connectfour.server.GameServer - User added to matchmaking queue: gg
2025-04-24 11:09:00.253 [pool-1-thread-2] DEBUG c.c.server.MatchmakingQueue - Removed client from matchmaking queue: gg
2025-04-24 11:09:00.254 [pool-1-thread-2] INFO  com.connectfour.server.GameServer - User removed from matchmaking queue: gg
2025-04-24 11:09:00.254 [pool-1-thread-2] INFO  c.connectfour.server.ClientHandler - Client gg canceled matchmaking
2025-04-24 11:09:01.706 [pool-1-thread-2] DEBUG c.c.server.MatchmakingQueue - Removed client from matchmaking queue: gg
2025-04-24 11:09:01.706 [pool-1-thread-2] INFO  com.connectfour.server.GameServer - User removed from matchmaking queue: gg
2025-04-24 11:09:01.707 [pool-1-thread-2] INFO  c.connectfour.server.ClientHandler - Client gg canceled matchmaking
2025-04-24 11:10:03.967 [pool-1-thread-2] INFO  c.connectfour.server.ClientHandler - Client gg requested disconnect: User closed application
2025-04-24 11:10:03.969 [pool-1-thread-2] ERROR c.connectfour.server.ClientHandler - Error sending message to client: gg
java.net.SocketException: Broken pipe
	at java.base/sun.nio.ch.SocketDispatcher.write0(Native Method)
	at java.base/sun.nio.ch.SocketDispatcher.write(SocketDispatcher.java:62)
	at java.base/sun.nio.ch.NioSocketImpl.tryWrite(NioSocketImpl.java:394)
	at java.base/sun.nio.ch.NioSocketImpl.implWrite(NioSocketImpl.java:410)
	at java.base/sun.nio.ch.NioSocketImpl.write(NioSocketImpl.java:440)
	at java.base/sun.nio.ch.NioSocketImpl$2.write(NioSocketImpl.java:819)
	at java.base/java.net.Socket$SocketOutputStream.implWrite(Socket.java:1231)
	at java.base/java.net.Socket$SocketOutputStream.write(Socket.java:1218)
	at java.base/java.io.ObjectOutputStream$BlockDataOutputStream.drain(ObjectOutputStream.java:1900)
	at java.base/java.io.ObjectOutputStream$BlockDataOutputStream.setBlockDataMode(ObjectOutputStream.java:1809)
	at java.base/java.io.ObjectOutputStream.writeNonProxyDesc(ObjectOutputStream.java:1303)
	at java.base/java.io.ObjectOutputStream.writeClassDesc(ObjectOutputStream.java:1248)
	at java.base/java.io.ObjectOutputStream.writeOrdinaryObject(ObjectOutputStream.java:1444)
	at java.base/java.io.ObjectOutputStream.writeObject0(ObjectOutputStream.java:1195)
	at java.base/java.io.ObjectOutputStream.writeFatalException(ObjectOutputStream.java:1616)
	at java.base/java.io.ObjectOutputStream.writeObject(ObjectOutputStream.java:362)
	at com.connectfour.server.ClientHandler.sendMessage(ClientHandler.java:246)
	at com.connectfour.server.ClientHandler.disconnect(ClientHandler.java:264)
	at com.connectfour.server.ClientHandler.handleDisconnect(ClientHandler.java:192)
	at com.connectfour.server.ClientHandler.handleMessage(ClientHandler.java:98)
	at com.connectfour.server.ClientHandler.run(ClientHandler.java:52)
	at java.base/java.util.concurrent.ThreadPoolExecutor.runWorker(ThreadPoolExecutor.java:1144)
	at java.base/java.util.concurrent.ThreadPoolExecutor$Worker.run(ThreadPoolExecutor.java:642)
	at java.base/java.lang.Thread.run(Thread.java:1575)
2025-04-24 11:10:03.970 [pool-1-thread-2] INFO  c.connectfour.server.ClientHandler - Client disconnected: gg
2025-04-24 11:10:03.970 [pool-1-thread-2] INFO  com.connectfour.server.GameServer - User unregistered: gg
2025-04-24 11:10:03.970 [pool-1-thread-2] DEBUG c.c.server.MatchmakingQueue - Removed client from matchmaking queue: gg
2025-04-24 11:10:03.970 [pool-1-thread-2] INFO  com.connectfour.server.GameServer - User removed from matchmaking queue: gg
2025-04-24 11:10:03.971 [pool-1-thread-2] INFO  c.connectfour.server.ClientHandler - Client disconnected: gg
2025-04-24 11:10:03.971 [pool-1-thread-2] INFO  com.connectfour.server.GameServer - User unregistered: gg
2025-04-24 11:10:03.971 [pool-1-thread-2] ERROR c.connectfour.server.ClientHandler - Error cleaning up client handler
java.net.SocketException: Socket closed
	at java.base/sun.nio.ch.NioSocketImpl.ensureOpenAndConnected(NioSocketImpl.java:163)
	at java.base/sun.nio.ch.NioSocketImpl.beginWrite(NioSocketImpl.java:362)
	at java.base/sun.nio.ch.NioSocketImpl.implWrite(NioSocketImpl.java:407)
	at java.base/sun.nio.ch.NioSocketImpl.write(NioSocketImpl.java:440)
	at java.base/sun.nio.ch.NioSocketImpl$2.write(NioSocketImpl.java:819)
	at java.base/java.net.Socket$SocketOutputStream.implWrite(Socket.java:1231)
	at java.base/java.net.Socket$SocketOutputStream.write(Socket.java:1218)
	at java.base/java.io.ObjectOutputStream$BlockDataOutputStream.drain(ObjectOutputStream.java:1900)
	at java.base/java.io.ObjectOutputStream$BlockDataOutputStream.flush(ObjectOutputStream.java:1845)
	at java.base/java.io.ObjectOutputStream.flush(ObjectOutputStream.java:737)
	at java.base/java.io.ObjectOutputStream.close(ObjectOutputStream.java:759)
	at com.connectfour.server.ClientHandler.cleanup(ClientHandler.java:228)
	at com.connectfour.server.ClientHandler.run(ClientHandler.java:68)
	at java.base/java.util.concurrent.ThreadPoolExecutor.runWorker(ThreadPoolExecutor.java:1144)
	at java.base/java.util.concurrent.ThreadPoolExecutor$Worker.run(ThreadPoolExecutor.java:642)
	at java.base/java.lang.Thread.run(Thread.java:1575)
2025-04-24 11:52:47.953 [main] INFO  com.connectfour.server.ServerApp - Starting Connect Four server on port 8080
2025-04-24 11:52:47.961 [main] INFO  com.connectfour.server.GameServer - Server started on port 8080
2025-04-24 11:52:47.961 [Thread-0] INFO  c.c.server.MatchmakingQueue - Matchmaking queue started
2025-04-24 11:54:05.201 [main] INFO  com.connectfour.server.ServerApp - Starting Connect Four server on port 8080
2025-04-24 11:54:05.206 [main] INFO  com.connectfour.server.GameServer - Server started on port 8080
2025-04-24 11:54:05.206 [Thread-0] INFO  c.c.server.MatchmakingQueue - Matchmaking queue started
2025-04-24 11:55:42.395 [main] INFO  com.connectfour.server.ServerApp - Starting Connect Four server on port 8080
2025-04-24 11:55:42.404 [main] INFO  com.connectfour.server.GameServer - Server started on port 8080
2025-04-24 11:55:42.404 [Thread-0] INFO  c.c.server.MatchmakingQueue - Matchmaking queue started
2025-04-24 11:57:44.458 [main] INFO  com.connectfour.server.ServerApp - Starting Connect Four server on port 8080
2025-04-24 11:57:44.467 [main] INFO  com.connectfour.server.GameServer - Server started on port 8080
2025-04-24 11:57:44.467 [Thread-0] INFO  c.c.server.MatchmakingQueue - Matchmaking queue started
2025-04-24 11:59:07.610 [main] INFO  com.connectfour.server.GameServer - New client connected: /127.0.0.1
2025-04-24 11:59:07.624 [pool-1-thread-1] INFO  com.connectfour.server.GameServer - User registered: gg
2025-04-24 11:59:07.625 [pool-1-thread-1] DEBUG c.connectfour.server.ClientHandler - Sent message to gg: LOGIN_RESPONSE
2025-04-24 11:59:07.625 [pool-1-thread-1] INFO  c.connectfour.server.ClientHandler - User logged in: gg
2025-04-24 11:59:07.625 [pool-1-thread-1] DEBUG c.c.server.MatchmakingQueue - Added client to matchmaking queue: gg
2025-04-24 11:59:07.625 [pool-1-thread-1] INFO  com.connectfour.server.GameServer - User added to matchmaking queue: gg
2025-04-24 11:59:11.155 [main] INFO  com.connectfour.server.GameServer - New client connected: /127.0.0.1
2025-04-24 11:59:11.162 [pool-1-thread-2] INFO  com.connectfour.server.GameServer - User registered: yy
2025-04-24 11:59:11.162 [pool-1-thread-2] DEBUG c.connectfour.server.ClientHandler - Sent message to yy: LOGIN_RESPONSE
2025-04-24 11:59:11.162 [pool-1-thread-2] INFO  c.connectfour.server.ClientHandler - User logged in: yy
2025-04-24 11:59:11.163 [pool-1-thread-2] DEBUG c.c.server.MatchmakingQueue - Added client to matchmaking queue: yy
2025-04-24 11:59:11.163 [pool-1-thread-2] INFO  com.connectfour.server.GameServer - User added to matchmaking queue: yy
2025-04-24 11:59:11.772 [Thread-0] INFO  com.connectfour.server.GameSession - Starting game session between gg and yy
2025-04-24 11:59:11.807 [Thread-0] DEBUG c.connectfour.server.ClientHandler - Sent message to gg: GAME_START
2025-04-24 11:59:11.808 [Thread-0] DEBUG c.connectfour.server.ClientHandler - Sent message to yy: GAME_START
2025-04-24 11:59:11.808 [Thread-0] INFO  c.c.server.MatchmakingQueue - Matched players: gg vs yy
2025-04-24 11:59:19.258 [pool-1-thread-1] INFO  com.connectfour.server.GameSession - Move attempted by gg in column 3. Current turn: RED, Player1(RED): gg, Player2(YELLOW): yy, isPlayersTurn: true
2025-04-24 11:59:19.276 [pool-1-thread-1] INFO  com.connectfour.server.GameSession - Player gg made successful move in column 3. New turn: YELLOW
2025-04-24 11:59:19.276 [pool-1-thread-1] DEBUG com.connectfour.server.GameSession - Current board state after move:
2025-04-24 11:59:19.276 [pool-1-thread-1] DEBUG com.connectfour.server.GameSession - [ ][ ][ ][ ][ ][ ][ ]
2025-04-24 11:59:19.276 [pool-1-thread-1] DEBUG com.connectfour.server.GameSession - [ ][ ][ ][ ][ ][ ][ ]
2025-04-24 11:59:19.276 [pool-1-thread-1] DEBUG com.connectfour.server.GameSession - [ ][ ][ ][ ][ ][ ][ ]
2025-04-24 11:59:19.277 [pool-1-thread-1] DEBUG com.connectfour.server.GameSession - [ ][ ][ ][ ][ ][ ][ ]
2025-04-24 11:59:19.277 [pool-1-thread-1] DEBUG com.connectfour.server.GameSession - [ ][ ][ ][ ][ ][ ][ ]
2025-04-24 11:59:19.277 [pool-1-thread-1] DEBUG com.connectfour.server.GameSession - [ ][ ][ ][R][ ][ ][ ]
2025-04-24 11:59:19.277 [pool-1-thread-1] INFO  com.connectfour.server.GameSession - Broadcasting game state with current turn: YELLOW
2025-04-24 11:59:19.278 [pool-1-thread-1] DEBUG c.connectfour.server.ClientHandler - Sent message to gg: GAME_STATE_UPDATE
2025-04-24 11:59:19.279 [pool-1-thread-1] DEBUG c.connectfour.server.ClientHandler - Sent message to yy: GAME_STATE_UPDATE
2025-04-24 11:59:23.860 [pool-1-thread-2] INFO  com.connectfour.server.GameSession - Move attempted by yy in column 4. Current turn: YELLOW, Player1(RED): gg, Player2(YELLOW): yy, isPlayersTurn: true
2025-04-24 11:59:23.861 [pool-1-thread-2] INFO  com.connectfour.server.GameSession - Player yy made successful move in column 4. New turn: RED
2025-04-24 11:59:23.861 [pool-1-thread-2] DEBUG com.connectfour.server.GameSession - Current board state after move:
2025-04-24 11:59:23.861 [pool-1-thread-2] DEBUG com.connectfour.server.GameSession - [ ][ ][ ][ ][ ][ ][ ]
2025-04-24 11:59:23.861 [pool-1-thread-2] DEBUG com.connectfour.server.GameSession - [ ][ ][ ][ ][ ][ ][ ]
2025-04-24 11:59:23.861 [pool-1-thread-2] DEBUG com.connectfour.server.GameSession - [ ][ ][ ][ ][ ][ ][ ]
2025-04-24 11:59:23.861 [pool-1-thread-2] DEBUG com.connectfour.server.GameSession - [ ][ ][ ][ ][ ][ ][ ]
2025-04-24 11:59:23.861 [pool-1-thread-2] DEBUG com.connectfour.server.GameSession - [ ][ ][ ][ ][ ][ ][ ]
2025-04-24 11:59:23.861 [pool-1-thread-2] DEBUG com.connectfour.server.GameSession - [ ][ ][ ][R][Y][ ][ ]
2025-04-24 11:59:23.861 [pool-1-thread-2] INFO  com.connectfour.server.GameSession - Broadcasting game state with current turn: RED
2025-04-24 11:59:23.862 [pool-1-thread-2] DEBUG c.connectfour.server.ClientHandler - Sent message to gg: GAME_STATE_UPDATE
2025-04-24 11:59:23.862 [pool-1-thread-2] DEBUG c.connectfour.server.ClientHandler - Sent message to yy: GAME_STATE_UPDATE
2025-04-24 11:59:30.007 [pool-1-thread-1] INFO  com.connectfour.server.GameSession - Move attempted by gg in column 5. Current turn: RED, Player1(RED): gg, Player2(YELLOW): yy, isPlayersTurn: true
2025-04-24 11:59:30.008 [pool-1-thread-1] INFO  com.connectfour.server.GameSession - Player gg made successful move in column 5. New turn: YELLOW
2025-04-24 11:59:30.009 [pool-1-thread-1] DEBUG com.connectfour.server.GameSession - Current board state after move:
2025-04-24 11:59:30.009 [pool-1-thread-1] DEBUG com.connectfour.server.GameSession - [ ][ ][ ][ ][ ][ ][ ]
2025-04-24 11:59:30.009 [pool-1-thread-1] DEBUG com.connectfour.server.GameSession - [ ][ ][ ][ ][ ][ ][ ]
2025-04-24 11:59:30.009 [pool-1-thread-1] DEBUG com.connectfour.server.GameSession - [ ][ ][ ][ ][ ][ ][ ]
2025-04-24 11:59:30.009 [pool-1-thread-1] DEBUG com.connectfour.server.GameSession - [ ][ ][ ][ ][ ][ ][ ]
2025-04-24 11:59:30.009 [pool-1-thread-1] DEBUG com.connectfour.server.GameSession - [ ][ ][ ][ ][ ][ ][ ]
2025-04-24 11:59:30.009 [pool-1-thread-1] DEBUG com.connectfour.server.GameSession - [ ][ ][ ][R][Y][R][ ]
2025-04-24 11:59:30.009 [pool-1-thread-1] INFO  com.connectfour.server.GameSession - Broadcasting game state with current turn: YELLOW
2025-04-24 11:59:30.010 [pool-1-thread-1] DEBUG c.connectfour.server.ClientHandler - Sent message to gg: GAME_STATE_UPDATE
2025-04-24 11:59:30.011 [pool-1-thread-1] DEBUG c.connectfour.server.ClientHandler - Sent message to yy: GAME_STATE_UPDATE
2025-04-24 11:59:33.330 [pool-1-thread-2] INFO  com.connectfour.server.GameSession - Move attempted by yy in column 2. Current turn: YELLOW, Player1(RED): gg, Player2(YELLOW): yy, isPlayersTurn: true
2025-04-24 11:59:33.331 [pool-1-thread-2] INFO  com.connectfour.server.GameSession - Player yy made successful move in column 2. New turn: RED
2025-04-24 11:59:33.332 [pool-1-thread-2] DEBUG com.connectfour.server.GameSession - Current board state after move:
2025-04-24 11:59:33.332 [pool-1-thread-2] DEBUG com.connectfour.server.GameSession - [ ][ ][ ][ ][ ][ ][ ]
2025-04-24 11:59:33.332 [pool-1-thread-2] DEBUG com.connectfour.server.GameSession - [ ][ ][ ][ ][ ][ ][ ]
2025-04-24 11:59:33.332 [pool-1-thread-2] DEBUG com.connectfour.server.GameSession - [ ][ ][ ][ ][ ][ ][ ]
2025-04-24 11:59:33.332 [pool-1-thread-2] DEBUG com.connectfour.server.GameSession - [ ][ ][ ][ ][ ][ ][ ]
2025-04-24 11:59:33.332 [pool-1-thread-2] DEBUG com.connectfour.server.GameSession - [ ][ ][ ][ ][ ][ ][ ]
2025-04-24 11:59:33.332 [pool-1-thread-2] DEBUG com.connectfour.server.GameSession - [ ][ ][Y][R][Y][R][ ]
2025-04-24 11:59:33.332 [pool-1-thread-2] INFO  com.connectfour.server.GameSession - Broadcasting game state with current turn: RED
2025-04-24 11:59:33.333 [pool-1-thread-2] DEBUG c.connectfour.server.ClientHandler - Sent message to gg: GAME_STATE_UPDATE
2025-04-24 11:59:33.333 [pool-1-thread-2] DEBUG c.connectfour.server.ClientHandler - Sent message to yy: GAME_STATE_UPDATE
2025-04-24 11:59:45.489 [pool-1-thread-1] INFO  com.connectfour.server.GameSession - Move attempted by gg in column 4. Current turn: RED, Player1(RED): gg, Player2(YELLOW): yy, isPlayersTurn: true
2025-04-24 11:59:45.491 [pool-1-thread-1] INFO  com.connectfour.server.GameSession - Player gg made successful move in column 4. New turn: YELLOW
2025-04-24 11:59:45.491 [pool-1-thread-1] DEBUG com.connectfour.server.GameSession - Current board state after move:
2025-04-24 11:59:45.491 [pool-1-thread-1] DEBUG com.connectfour.server.GameSession - [ ][ ][ ][ ][ ][ ][ ]
2025-04-24 11:59:45.491 [pool-1-thread-1] DEBUG com.connectfour.server.GameSession - [ ][ ][ ][ ][ ][ ][ ]
2025-04-24 11:59:45.491 [pool-1-thread-1] DEBUG com.connectfour.server.GameSession - [ ][ ][ ][ ][ ][ ][ ]
2025-04-24 11:59:45.491 [pool-1-thread-1] DEBUG com.connectfour.server.GameSession - [ ][ ][ ][ ][ ][ ][ ]
2025-04-24 11:59:45.491 [pool-1-thread-1] DEBUG com.connectfour.server.GameSession - [ ][ ][ ][ ][R][ ][ ]
2025-04-24 11:59:45.491 [pool-1-thread-1] DEBUG com.connectfour.server.GameSession - [ ][ ][Y][R][Y][R][ ]
2025-04-24 11:59:45.491 [pool-1-thread-1] INFO  com.connectfour.server.GameSession - Broadcasting game state with current turn: YELLOW
2025-04-24 11:59:45.492 [pool-1-thread-1] DEBUG c.connectfour.server.ClientHandler - Sent message to gg: GAME_STATE_UPDATE
2025-04-24 11:59:45.492 [pool-1-thread-1] DEBUG c.connectfour.server.ClientHandler - Sent message to yy: GAME_STATE_UPDATE
2025-04-24 11:59:47.824 [pool-1-thread-2] INFO  com.connectfour.server.GameSession - Move attempted by yy in column 4. Current turn: YELLOW, Player1(RED): gg, Player2(YELLOW): yy, isPlayersTurn: true
2025-04-24 11:59:47.826 [pool-1-thread-2] INFO  com.connectfour.server.GameSession - Player yy made successful move in column 4. New turn: RED
2025-04-24 11:59:47.826 [pool-1-thread-2] DEBUG com.connectfour.server.GameSession - Current board state after move:
2025-04-24 11:59:47.826 [pool-1-thread-2] DEBUG com.connectfour.server.GameSession - [ ][ ][ ][ ][ ][ ][ ]
2025-04-24 11:59:47.826 [pool-1-thread-2] DEBUG com.connectfour.server.GameSession - [ ][ ][ ][ ][ ][ ][ ]
2025-04-24 11:59:47.826 [pool-1-thread-2] DEBUG com.connectfour.server.GameSession - [ ][ ][ ][ ][ ][ ][ ]
2025-04-24 11:59:47.826 [pool-1-thread-2] DEBUG com.connectfour.server.GameSession - [ ][ ][ ][ ][Y][ ][ ]
2025-04-24 11:59:47.826 [pool-1-thread-2] DEBUG com.connectfour.server.GameSession - [ ][ ][ ][ ][R][ ][ ]
2025-04-24 11:59:47.826 [pool-1-thread-2] DEBUG com.connectfour.server.GameSession - [ ][ ][Y][R][Y][R][ ]
2025-04-24 11:59:47.827 [pool-1-thread-2] INFO  com.connectfour.server.GameSession - Broadcasting game state with current turn: RED
2025-04-24 11:59:47.827 [pool-1-thread-2] DEBUG c.connectfour.server.ClientHandler - Sent message to gg: GAME_STATE_UPDATE
2025-04-24 11:59:47.828 [pool-1-thread-2] DEBUG c.connectfour.server.ClientHandler - Sent message to yy: GAME_STATE_UPDATE
2025-04-24 11:59:50.152 [pool-1-thread-1] INFO  com.connectfour.server.GameSession - Move attempted by gg in column 5. Current turn: RED, Player1(RED): gg, Player2(YELLOW): yy, isPlayersTurn: true
2025-04-24 11:59:50.154 [pool-1-thread-1] INFO  com.connectfour.server.GameSession - Player gg made successful move in column 5. New turn: YELLOW
2025-04-24 11:59:50.154 [pool-1-thread-1] DEBUG com.connectfour.server.GameSession - Current board state after move:
2025-04-24 11:59:50.154 [pool-1-thread-1] DEBUG com.connectfour.server.GameSession - [ ][ ][ ][ ][ ][ ][ ]
2025-04-24 11:59:50.154 [pool-1-thread-1] DEBUG com.connectfour.server.GameSession - [ ][ ][ ][ ][ ][ ][ ]
2025-04-24 11:59:50.154 [pool-1-thread-1] DEBUG com.connectfour.server.GameSession - [ ][ ][ ][ ][ ][ ][ ]
2025-04-24 11:59:50.154 [pool-1-thread-1] DEBUG com.connectfour.server.GameSession - [ ][ ][ ][ ][Y][ ][ ]
2025-04-24 11:59:50.154 [pool-1-thread-1] DEBUG com.connectfour.server.GameSession - [ ][ ][ ][ ][R][R][ ]
2025-04-24 11:59:50.154 [pool-1-thread-1] DEBUG com.connectfour.server.GameSession - [ ][ ][Y][R][Y][R][ ]
2025-04-24 11:59:50.154 [pool-1-thread-1] INFO  com.connectfour.server.GameSession - Broadcasting game state with current turn: YELLOW
2025-04-24 11:59:50.155 [pool-1-thread-1] DEBUG c.connectfour.server.ClientHandler - Sent message to gg: GAME_STATE_UPDATE
2025-04-24 11:59:50.155 [pool-1-thread-1] DEBUG c.connectfour.server.ClientHandler - Sent message to yy: GAME_STATE_UPDATE
2025-04-24 11:59:51.845 [pool-1-thread-2] INFO  com.connectfour.server.GameSession - Move attempted by yy in column 3. Current turn: YELLOW, Player1(RED): gg, Player2(YELLOW): yy, isPlayersTurn: true
2025-04-24 11:59:51.846 [pool-1-thread-2] INFO  com.connectfour.server.GameSession - Player yy made successful move in column 3. New turn: RED
2025-04-24 11:59:51.846 [pool-1-thread-2] DEBUG com.connectfour.server.GameSession - Current board state after move:
2025-04-24 11:59:51.846 [pool-1-thread-2] DEBUG com.connectfour.server.GameSession - [ ][ ][ ][ ][ ][ ][ ]
2025-04-24 11:59:51.846 [pool-1-thread-2] DEBUG com.connectfour.server.GameSession - [ ][ ][ ][ ][ ][ ][ ]
2025-04-24 11:59:51.846 [pool-1-thread-2] DEBUG com.connectfour.server.GameSession - [ ][ ][ ][ ][ ][ ][ ]
2025-04-24 11:59:51.846 [pool-1-thread-2] DEBUG com.connectfour.server.GameSession - [ ][ ][ ][ ][Y][ ][ ]
2025-04-24 11:59:51.846 [pool-1-thread-2] DEBUG com.connectfour.server.GameSession - [ ][ ][ ][Y][R][R][ ]
2025-04-24 11:59:51.846 [pool-1-thread-2] DEBUG com.connectfour.server.GameSession - [ ][ ][Y][R][Y][R][ ]
2025-04-24 11:59:51.847 [pool-1-thread-2] INFO  com.connectfour.server.GameSession - Broadcasting game state with current turn: RED
2025-04-24 11:59:51.847 [pool-1-thread-2] DEBUG c.connectfour.server.ClientHandler - Sent message to gg: GAME_STATE_UPDATE
2025-04-24 11:59:51.848 [pool-1-thread-2] DEBUG c.connectfour.server.ClientHandler - Sent message to yy: GAME_STATE_UPDATE
2025-04-24 11:59:53.585 [pool-1-thread-1] INFO  com.connectfour.server.GameSession - Move attempted by gg in column 5. Current turn: RED, Player1(RED): gg, Player2(YELLOW): yy, isPlayersTurn: true
2025-04-24 11:59:53.585 [pool-1-thread-1] INFO  com.connectfour.server.GameSession - Player gg made successful move in column 5. New turn: YELLOW
2025-04-24 11:59:53.586 [pool-1-thread-1] DEBUG com.connectfour.server.GameSession - Current board state after move:
2025-04-24 11:59:53.586 [pool-1-thread-1] DEBUG com.connectfour.server.GameSession - [ ][ ][ ][ ][ ][ ][ ]
2025-04-24 11:59:53.586 [pool-1-thread-1] DEBUG com.connectfour.server.GameSession - [ ][ ][ ][ ][ ][ ][ ]
2025-04-24 11:59:53.586 [pool-1-thread-1] DEBUG com.connectfour.server.GameSession - [ ][ ][ ][ ][ ][ ][ ]
2025-04-24 11:59:53.586 [pool-1-thread-1] DEBUG com.connectfour.server.GameSession - [ ][ ][ ][ ][Y][R][ ]
2025-04-24 11:59:53.586 [pool-1-thread-1] DEBUG com.connectfour.server.GameSession - [ ][ ][ ][Y][R][R][ ]
2025-04-24 11:59:53.586 [pool-1-thread-1] DEBUG com.connectfour.server.GameSession - [ ][ ][Y][R][Y][R][ ]
2025-04-24 11:59:53.586 [pool-1-thread-1] INFO  com.connectfour.server.GameSession - Broadcasting game state with current turn: YELLOW
2025-04-24 11:59:53.586 [pool-1-thread-1] DEBUG c.connectfour.server.ClientHandler - Sent message to gg: GAME_STATE_UPDATE
2025-04-24 11:59:53.587 [pool-1-thread-1] DEBUG c.connectfour.server.ClientHandler - Sent message to yy: GAME_STATE_UPDATE
2025-04-24 11:59:56.460 [pool-1-thread-2] INFO  com.connectfour.server.GameSession - Move attempted by yy in column 2. Current turn: YELLOW, Player1(RED): gg, Player2(YELLOW): yy, isPlayersTurn: true
2025-04-24 11:59:56.461 [pool-1-thread-2] INFO  com.connectfour.server.GameSession - Player yy made successful move in column 2. New turn: RED
2025-04-24 11:59:56.461 [pool-1-thread-2] DEBUG com.connectfour.server.GameSession - Current board state after move:
2025-04-24 11:59:56.461 [pool-1-thread-2] DEBUG com.connectfour.server.GameSession - [ ][ ][ ][ ][ ][ ][ ]
2025-04-24 11:59:56.461 [pool-1-thread-2] DEBUG com.connectfour.server.GameSession - [ ][ ][ ][ ][ ][ ][ ]
2025-04-24 11:59:56.461 [pool-1-thread-2] DEBUG com.connectfour.server.GameSession - [ ][ ][ ][ ][ ][ ][ ]
2025-04-24 11:59:56.461 [pool-1-thread-2] DEBUG com.connectfour.server.GameSession - [ ][ ][ ][ ][Y][R][ ]
2025-04-24 11:59:56.461 [pool-1-thread-2] DEBUG com.connectfour.server.GameSession - [ ][ ][Y][Y][R][R][ ]
2025-04-24 11:59:56.461 [pool-1-thread-2] DEBUG com.connectfour.server.GameSession - [ ][ ][Y][R][Y][R][ ]
2025-04-24 11:59:56.461 [pool-1-thread-2] INFO  com.connectfour.server.GameSession - Broadcasting game state with current turn: RED
2025-04-24 11:59:56.462 [pool-1-thread-2] DEBUG c.connectfour.server.ClientHandler - Sent message to gg: GAME_STATE_UPDATE
2025-04-24 11:59:56.462 [pool-1-thread-2] DEBUG c.connectfour.server.ClientHandler - Sent message to yy: GAME_STATE_UPDATE
2025-04-24 11:59:58.281 [pool-1-thread-1] INFO  com.connectfour.server.GameSession - Move attempted by gg in column 5. Current turn: RED, Player1(RED): gg, Player2(YELLOW): yy, isPlayersTurn: true
2025-04-24 11:59:58.282 [pool-1-thread-1] INFO  com.connectfour.server.GameSession - Player gg made successful move in column 5. New turn: RED
2025-04-24 11:59:58.283 [pool-1-thread-1] DEBUG com.connectfour.server.GameSession - Current board state after move:
2025-04-24 11:59:58.283 [pool-1-thread-1] DEBUG com.connectfour.server.GameSession - [ ][ ][ ][ ][ ][ ][ ]
2025-04-24 11:59:58.283 [pool-1-thread-1] DEBUG com.connectfour.server.GameSession - [ ][ ][ ][ ][ ][ ][ ]
2025-04-24 11:59:58.283 [pool-1-thread-1] DEBUG com.connectfour.server.GameSession - [ ][ ][ ][ ][ ][R][ ]
2025-04-24 11:59:58.283 [pool-1-thread-1] DEBUG com.connectfour.server.GameSession - [ ][ ][ ][ ][Y][R][ ]
2025-04-24 11:59:58.283 [pool-1-thread-1] DEBUG com.connectfour.server.GameSession - [ ][ ][Y][Y][R][R][ ]
2025-04-24 11:59:58.283 [pool-1-thread-1] DEBUG com.connectfour.server.GameSession - [ ][ ][Y][R][Y][R][ ]
2025-04-24 11:59:58.283 [pool-1-thread-1] INFO  com.connectfour.server.GameSession - Broadcasting game state with current turn: RED
2025-04-24 11:59:58.286 [pool-1-thread-1] DEBUG c.connectfour.server.ClientHandler - Sent message to gg: GAME_STATE_UPDATE
2025-04-24 11:59:58.287 [pool-1-thread-1] DEBUG c.connectfour.server.ClientHandler - Sent message to yy: GAME_STATE_UPDATE
2025-04-24 12:00:28.465 [pool-1-thread-1] INFO  c.connectfour.server.ClientHandler - Client gg requested disconnect: User closed application
2025-04-24 12:00:28.470 [pool-1-thread-1] ERROR c.connectfour.server.ClientHandler - Error sending message to client: gg
java.net.SocketException: Broken pipe
	at java.base/sun.nio.ch.SocketDispatcher.write0(Native Method)
	at java.base/sun.nio.ch.SocketDispatcher.write(SocketDispatcher.java:62)
	at java.base/sun.nio.ch.NioSocketImpl.tryWrite(NioSocketImpl.java:394)
	at java.base/sun.nio.ch.NioSocketImpl.implWrite(NioSocketImpl.java:410)
	at java.base/sun.nio.ch.NioSocketImpl.write(NioSocketImpl.java:440)
	at java.base/sun.nio.ch.NioSocketImpl$2.write(NioSocketImpl.java:819)
	at java.base/java.net.Socket$SocketOutputStream.implWrite(Socket.java:1231)
	at java.base/java.net.Socket$SocketOutputStream.write(Socket.java:1218)
	at java.base/java.io.ObjectOutputStream$BlockDataOutputStream.drain(ObjectOutputStream.java:1900)
	at java.base/java.io.ObjectOutputStream$BlockDataOutputStream.setBlockDataMode(ObjectOutputStream.java:1809)
	at java.base/java.io.ObjectOutputStream.writeNonProxyDesc(ObjectOutputStream.java:1303)
	at java.base/java.io.ObjectOutputStream.writeClassDesc(ObjectOutputStream.java:1248)
	at java.base/java.io.ObjectOutputStream.writeOrdinaryObject(ObjectOutputStream.java:1444)
	at java.base/java.io.ObjectOutputStream.writeObject0(ObjectOutputStream.java:1195)
	at java.base/java.io.ObjectOutputStream.writeFatalException(ObjectOutputStream.java:1616)
	at java.base/java.io.ObjectOutputStream.writeObject(ObjectOutputStream.java:362)
	at com.connectfour.server.ClientHandler.sendMessage(ClientHandler.java:246)
	at com.connectfour.server.ClientHandler.disconnect(ClientHandler.java:264)
	at com.connectfour.server.ClientHandler.handleDisconnect(ClientHandler.java:192)
	at com.connectfour.server.ClientHandler.handleMessage(ClientHandler.java:98)
	at com.connectfour.server.ClientHandler.run(ClientHandler.java:52)
	at java.base/java.util.concurrent.ThreadPoolExecutor.runWorker(ThreadPoolExecutor.java:1144)
	at java.base/java.util.concurrent.ThreadPoolExecutor$Worker.run(ThreadPoolExecutor.java:642)
	at java.base/java.lang.Thread.run(Thread.java:1575)
2025-04-24 12:00:28.472 [pool-1-thread-1] INFO  c.connectfour.server.ClientHandler - Client disconnected: gg
2025-04-24 12:00:28.472 [pool-1-thread-1] INFO  com.connectfour.server.GameServer - User unregistered: gg
2025-04-24 12:00:28.472 [pool-1-thread-1] INFO  com.connectfour.server.GameSession - Player gg disconnected from game session
2025-04-24 12:00:28.472 [pool-1-thread-1] DEBUG c.connectfour.server.ClientHandler - Sent message to yy: PLAY_AGAIN_RESPONSE
2025-04-24 12:00:28.472 [pool-1-thread-1] INFO  c.connectfour.server.ClientHandler - Client disconnected: gg
2025-04-24 12:00:28.472 [pool-1-thread-1] INFO  com.connectfour.server.GameServer - User unregistered: gg
2025-04-24 12:00:28.473 [pool-1-thread-1] ERROR c.connectfour.server.ClientHandler - Error cleaning up client handler
java.net.SocketException: Socket closed
	at java.base/sun.nio.ch.NioSocketImpl.ensureOpenAndConnected(NioSocketImpl.java:163)
	at java.base/sun.nio.ch.NioSocketImpl.beginWrite(NioSocketImpl.java:362)
	at java.base/sun.nio.ch.NioSocketImpl.implWrite(NioSocketImpl.java:407)
	at java.base/sun.nio.ch.NioSocketImpl.write(NioSocketImpl.java:440)
	at java.base/sun.nio.ch.NioSocketImpl$2.write(NioSocketImpl.java:819)
	at java.base/java.net.Socket$SocketOutputStream.implWrite(Socket.java:1231)
	at java.base/java.net.Socket$SocketOutputStream.write(Socket.java:1218)
	at java.base/java.io.ObjectOutputStream$BlockDataOutputStream.drain(ObjectOutputStream.java:1900)
	at java.base/java.io.ObjectOutputStream$BlockDataOutputStream.flush(ObjectOutputStream.java:1845)
	at java.base/java.io.ObjectOutputStream.flush(ObjectOutputStream.java:737)
	at java.base/java.io.ObjectOutputStream.close(ObjectOutputStream.java:759)
	at com.connectfour.server.ClientHandler.cleanup(ClientHandler.java:228)
	at com.connectfour.server.ClientHandler.run(ClientHandler.java:68)
	at java.base/java.util.concurrent.ThreadPoolExecutor.runWorker(ThreadPoolExecutor.java:1144)
	at java.base/java.util.concurrent.ThreadPoolExecutor$Worker.run(ThreadPoolExecutor.java:642)
	at java.base/java.lang.Thread.run(Thread.java:1575)
2025-04-24 12:00:33.354 [pool-1-thread-2] DEBUG c.c.server.MatchmakingQueue - Removed client from matchmaking queue: yy
2025-04-24 12:00:33.354 [pool-1-thread-2] INFO  com.connectfour.server.GameServer - User removed from matchmaking queue: yy
2025-04-24 12:00:33.354 [pool-1-thread-2] INFO  c.connectfour.server.ClientHandler - Client yy canceled matchmaking
2025-04-24 12:00:35.028 [pool-1-thread-2] DEBUG c.c.server.MatchmakingQueue - Removed client from matchmaking queue: yy
2025-04-24 12:00:35.029 [pool-1-thread-2] INFO  com.connectfour.server.GameServer - User removed from matchmaking queue: yy
2025-04-24 12:00:35.029 [pool-1-thread-2] INFO  c.connectfour.server.ClientHandler - Client yy canceled matchmaking
2025-04-24 12:01:18.551 [pool-1-thread-2] INFO  c.connectfour.server.ClientHandler - Client yy requested disconnect: User closed application
2025-04-24 12:01:18.553 [pool-1-thread-2] DEBUG c.connectfour.server.ClientHandler - Sent message to yy: DISCONNECT
2025-04-24 12:01:18.553 [pool-1-thread-2] INFO  c.connectfour.server.ClientHandler - Client disconnected: yy
2025-04-24 12:01:18.553 [pool-1-thread-2] INFO  com.connectfour.server.GameServer - User unregistered: yy
